AH00558: apache2: Could not reliably determine the server's fully qualified domain name, using 172.20.0.5. Set the 'ServerName' directive globally to suppress this message
[Tue Jan 28 15:54:27.246859 2020] [mpm_prefork:notice] [pid 1] AH00163: Apache/2.4.25 (Debian) PHP/7.1.20 configured -- resuming normal operations
[Tue Jan 28 15:54:27.956282 2020] [core:notice] [pid 1] AH00094: Command line: 'apache2 -D FOREGROUND'
[Tue Jan 28 16:04:04.881935 2020] [autoindex:error] [pid 17] [client 172.20.0.1:36802] AH01276: Cannot serve directory /var/www/html/camagru/Config/: No matching DirectoryIndex (index.php,index.html) found, and server-generated directory index forbidden by Options directive
[Tue Jan 28 16:10:19.136798 2020] [autoindex:error] [pid 23] [client 172.20.0.1:36862] AH01276: Cannot serve directory /var/www/html/camagru/Config/: No matching DirectoryIndex (index.php,index.html) found, and server-generated directory index forbidden by Options directive
[Tue Jan 28 16:11:00.121522 2020] [autoindex:error] [pid 17] [client 172.20.0.1:36866] AH01276: Cannot serve directory /var/www/html/camagru/view/: No matching DirectoryIndex (index.php,index.html) found, and server-generated directory index forbidden by Options directive
[Tue Jan 28 16:11:45.046033 2020] [autoindex:error] [pid 24] [client 172.20.0.1:36874] AH01276: Cannot serve directory /var/www/html/camagru/view/: No matching DirectoryIndex (index.php,index.html) found, and server-generated directory index forbidden by Options directive
[Tue Jan 28 16:11:45.605838 2020] [autoindex:error] [pid 24] [client 172.20.0.1:36874] AH01276: Cannot serve directory /var/www/html/camagru/view/: No matching DirectoryIndex (index.php,index.html) found, and server-generated directory index forbidden by Options directive
[Tue Jan 28 16:11:45.774423 2020] [autoindex:error] [pid 24] [client 172.20.0.1:36874] AH01276: Cannot serve directory /var/www/html/camagru/view/: No matching DirectoryIndex (index.php,index.html) found, and server-generated directory index forbidden by Options directive
[Tue Jan 28 16:12:19.246473 2020] [autoindex:error] [pid 19] [client 172.20.0.1:36878] AH01276: Cannot serve directory /var/www/html/camagru/view/: No matching DirectoryIndex (index.php,index.html) found, and server-generated directory index forbidden by Options directive
[Tue Jan 28 16:12:19.705567 2020] [autoindex:error] [pid 19] [client 172.20.0.1:36878] AH01276: Cannot serve directory /var/www/html/camagru/view/: No matching DirectoryIndex (index.php,index.html) found, and server-generated directory index forbidden by Options directive
[Tue Jan 28 16:12:19.868045 2020] [autoindex:error] [pid 19] [client 172.20.0.1:36878] AH01276: Cannot serve directory /var/www/html/camagru/view/: No matching DirectoryIndex (index.php,index.html) found, and server-generated directory index forbidden by Options directive
sh: 1: -t: not found
sh: 1: -t: not found
sh: 1: -t: not found
sh: 1: -t: not found
sh: 1: -t: not found
sh: 1: -t: not found
sh: 1: -t: not found
sh: 1: -t: not found
sh: 1: -t: not found
sh: 1: -t: not found
sh: 1: -t: not found
[Tue Jan 28 17:20:06.582693 2020] [php7:error] [pid 18] [client 172.20.0.1:38530] script '/var/www/html/camagru/controller/gallery.php' not found or unable to stat, referer: http://localhost/camagru/controller/modifier.php
AH00558: apache2: Could not reliably determine the server's fully qualified domain name, using 172.20.0.3. Set the 'ServerName' directive globally to suppress this message
[Wed Jan 29 16:31:52.514770 2020] [mpm_prefork:notice] [pid 1] AH00163: Apache/2.4.25 (Debian) PHP/7.1.20 configured -- resuming normal operations
[Wed Jan 29 16:31:52.529131 2020] [core:notice] [pid 1] AH00094: Command line: 'apache2 -D FOREGROUND'
[Wed Jan 29 16:32:10.345815 2020] [mpm_prefork:notice] [pid 1] AH00169: caught SIGTERM, shutting down
AH00558: apache2: Could not reliably determine the server's fully qualified domain name, using 172.20.0.5. Set the 'ServerName' directive globally to suppress this message
[Wed Jan 29 16:32:27.812146 2020] [mpm_prefork:notice] [pid 1] AH00163: Apache/2.4.25 (Debian) PHP/7.1.20 configured -- resuming normal operations
[Wed Jan 29 16:32:27.812727 2020] [core:notice] [pid 1] AH00094: Command line: 'apache2 -D FOREGROUND'
Not a JPEG file: starts with 0x89 0x50
Not a JPEG file: starts with 0x89 0x50
sh: 1: -t: not found
sh: 1: -t: not found
sh: 1: -t: not found
AH00558: apache2: Could not reliably determine the server's fully qualified domain name, using 172.18.0.5. Set the 'ServerName' directive globally to suppress this message
[Thu Jan 30 15:08:46.485352 2020] [mpm_prefork:notice] [pid 1] AH00163: Apache/2.4.25 (Debian) PHP/7.1.20 configured -- resuming normal operations
[Thu Jan 30 15:08:46.506736 2020] [core:notice] [pid 1] AH00094: Command line: 'apache2 -D FOREGROUND'
[Thu Jan 30 15:09:31.827771 2020] [php7:error] [pid 16] [client 172.18.0.1:57148] script '/var/www/html/camagru/view/log-in.php' not found or unable to stat, referer: http://localhost/camagru/
[Thu Jan 30 15:22:15.050245 2020] [php7:error] [pid 17] [client 172.18.0.1:57240] script '/var/www/html/camagru/gallery.php' not found or unable to stat
[Thu Jan 30 16:18:22.056514 2020] [php7:error] [pid 43] [client 172.18.0.1:58810] script '/var/www/html/camagru/view/log_in.php' not found or unable to stat, referer: http://localhost/camagru/view/gallery.php
[Thu Jan 30 16:18:49.568179 2020] [php7:error] [pid 45] [client 172.18.0.1:58820] script '/var/www/html/camagru/view/log_in.php' not found or unable to stat, referer: http://localhost/camagru/view/gallery.php
[Thu Jan 30 16:54:36.854312 2020] [php7:error] [pid 42] [client 172.18.0.1:59740] script '/var/www/html/camagru/modify.php' not found or unable to stat, referer: http://localhost/camagru/index.html
AH00558: apache2: Could not reliably determine the server's fully qualified domain name, using 172.20.0.3. Set the 'ServerName' directive globally to suppress this message
[Thu Jan 30 18:22:25.605186 2020] [mpm_prefork:notice] [pid 1] AH00163: Apache/2.4.25 (Debian) PHP/7.1.20 configured -- resuming normal operations
[Thu Jan 30 18:22:25.646008 2020] [core:notice] [pid 1] AH00094: Command line: 'apache2 -D FOREGROUND'
[Thu Jan 30 18:46:36.912480 2020] [php7:error] [pid 23] [client 172.20.0.1:53870] script '/var/www/html/camagru/view/sign_up.php' not found or unable to stat, referer: http://localhost/camagru/view/sign-in.php
sh: 1: -t: not found
AH00558: apache2: Could not reliably determine the server's fully qualified domain name, using 172.20.0.3. Set the 'ServerName' directive globally to suppress this message
[Thu Feb 06 15:47:19.859452 2020] [mpm_prefork:notice] [pid 1] AH00163: Apache/2.4.25 (Debian) PHP/7.1.20 configured -- resuming normal operations
[Thu Feb 06 15:47:19.870718 2020] [core:notice] [pid 1] AH00094: Command line: 'apache2 -D FOREGROUND'
[Thu Feb 06 15:48:12.229124 2020] [mpm_prefork:notice] [pid 1] AH00169: caught SIGTERM, shutting down
AH00558: apache2: Could not reliably determine the server's fully qualified domain name, using 172.20.0.4. Set the 'ServerName' directive globally to suppress this message
[Thu Feb 06 15:56:57.143933 2020] [mpm_prefork:notice] [pid 1] AH00163: Apache/2.4.25 (Debian) PHP/7.1.20 configured -- resuming normal operations
[Thu Feb 06 15:56:57.144952 2020] [core:notice] [pid 1] AH00094: Command line: 'apache2 -D FOREGROUND'
sh: 1: -t: not found
sh: 1: -t: not found
sh: 1: -t: not found
sh: 1: -t: not found
sh: 1: -t: not found
sh: 1: -t: not found
sh: 1: -t: not found
sh: 1: -t: not found
sh: 1: -t: not found
sh: 1: -t: not found
sh: 1: -t: not found
sh: 1: -t: not found
sh: 1: -t: not found
sh: 1: -t: not found
sh: 1: -t: not found
sh: 1: -t: not found
sh: 1: -t: not found
sh: 1: -t: not found
sh: 1: -t: not found
AH00558: apache2: Could not reliably determine the server's fully qualified domain name, using 172.20.0.2. Set the 'ServerName' directive globally to suppress this message
[Fri Feb 07 14:40:43.856752 2020] [mpm_prefork:notice] [pid 1] AH00163: Apache/2.4.25 (Debian) PHP/7.1.20 configured -- resuming normal operations
[Fri Feb 07 14:40:43.896541 2020] [core:notice] [pid 1] AH00094: Command line: 'apache2 -D FOREGROUND'
[Fri Feb 07 15:10:15.795094 2020] [autoindex:error] [pid 18] [client 172.20.0.1:36892] AH01276: Cannot serve directory /var/www/html/camagru/config/: No matching DirectoryIndex (index.php,index.html) found, and server-generated directory index forbidden by Options directive
sh: 1: -t: not found
sh: 1: -t: not found
[Fri Feb 07 15:36:43.598124 2020] [php7:error] [pid 23] [client 172.20.0.1:37920] script '/var/www/html/camagru/view/log_in.php' not found or unable to stat, referer: http://localhost/camagru/controller/modifier.php
sh: 1: -t: not found
sh: 1: -t: not found
[Fri Feb 07 17:31:42.619664 2020] [php7:error] [pid 23] [client 172.20.0.1:38188] script '/var/www/html/camagru/controller/sign-in.php' not found or unable to stat, referer: http://localhost/camagru/controller/add.php
[Fri Feb 07 17:31:56.383135 2020] [php7:error] [pid 17] [client 172.20.0.1:38194] script '/var/www/html/camagru/controller/sign-in.php' not found or unable to stat, referer: http://localhost/camagru/controller/add.php
[Fri Feb 07 17:32:12.446301 2020] [php7:error] [pid 24] [client 172.20.0.1:38198] script '/var/www/html/camagru/controller/sign-in.php' not found or unable to stat, referer: http://localhost/camagru/controller/add.php
sh: 1: -t: not found
sh: 1: -t: not found
sh: 1: -t: not found
sh: 1: -t: not found
sh: 1: -t: not found
sh: 1: -t: not found
sh: 1: -t: not found
sh: 1: -t: not found
sh: 1: -t: not found
sh: 1: -t: not found
sh: 1: -t: not found
sh: 1: -t: not found
sh: 1: -t: not found
sh: 1: -t: not found
sh: 1: -t: not found
sh: 1: -t: not found
sh: 1: -t: not found
sh: 1: -t: not found
sh: 1: -t: not found
sh: 1: -t: not found
sh: 1: -t: not found
sh: 1: -t: not found
sh: 1: -t: not found
sh: 1: -t: not found
sh: 1: -t: not found
sh: 1: -t: not found
sh: 1: -t: not found
sh: 1: -t: not found
sh: 1: -t: not found
sh: 1: -t: not found
sh: 1: -t: not found
sh: 1: -t: not found
sh: 1: -t: not found
sh: 1: -t: not found
sh: 1: -t: not found
sh: 1: -t: not found
sh: 1: -t: not found
sh: 1: -t: not found
sh: 1: -t: not found
sh: 1: -t: not found
sh: 1: -t: not found
AH00558: apache2: Could not reliably determine the server's fully qualified domain name, using 172.20.0.3. Set the 'ServerName' directive globally to suppress this message
[Fri Feb 07 20:57:23.365441 2020] [mpm_prefork:notice] [pid 1] AH00163: Apache/2.4.25 (Debian) PHP/7.1.20 configured -- resuming normal operations
[Fri Feb 07 20:57:23.371677 2020] [core:notice] [pid 1] AH00094: Command line: 'apache2 -D FOREGROUND'
sh: 1: -t: not found
[Fri Feb 07 21:23:47.815707 2020] [mpm_prefork:notice] [pid 1] AH00169: caught SIGTERM, shutting down
AH00558: apache2: Could not reliably determine the server's fully qualified domain name, using 172.20.0.3. Set the 'ServerName' directive globally to suppress this message
[Fri Feb 07 21:23:50.011378 2020] [mpm_prefork:notice] [pid 1] AH00163: Apache/2.4.25 (Debian) PHP/7.1.20 configured -- resuming normal operations
[Fri Feb 07 21:23:50.011983 2020] [core:notice] [pid 1] AH00094: Command line: 'apache2 -D FOREGROUND'
[Fri Feb 07 21:35:12.349352 2020] [mpm_prefork:notice] [pid 1] AH00169: caught SIGTERM, shutting down
AH00558: apache2: Could not reliably determine the server's fully qualified domain name, using 172.20.0.5. Set the 'ServerName' directive globally to suppress this message
[Fri Feb 07 21:35:14.532329 2020] [mpm_prefork:notice] [pid 1] AH00163: Apache/2.4.25 (Debian) PHP/7.1.20 configured -- resuming normal operations
[Fri Feb 07 21:35:14.532891 2020] [core:notice] [pid 1] AH00094: Command line: 'apache2 -D FOREGROUND'
sh: 1: /etc/postfix: Permission denied
[Fri Feb 07 21:37:01.174384 2020] [mpm_prefork:notice] [pid 1] AH00169: caught SIGTERM, shutting down
AH00558: apache2: Could not reliably determine the server's fully qualified domain name, using 172.20.0.5. Set the 'ServerName' directive globally to suppress this message
[Fri Feb 07 21:37:03.255186 2020] [mpm_prefork:notice] [pid 1] AH00163: Apache/2.4.25 (Debian) PHP/7.1.20 configured -- resuming normal operations
[Fri Feb 07 21:37:03.256089 2020] [core:notice] [pid 1] AH00094: Command line: 'apache2 -D FOREGROUND'
sh: 1: /etc/postfix: Permission denied
[Fri Feb 07 21:39:31.634177 2020] [mpm_prefork:notice] [pid 1] AH00169: caught SIGTERM, shutting down
AH00558: apache2: Could not reliably determine the server's fully qualified domain name, using 172.20.0.3. Set the 'ServerName' directive globally to suppress this message
[Fri Feb 07 21:39:34.087735 2020] [mpm_prefork:notice] [pid 1] AH00163: Apache/2.4.25 (Debian) PHP/7.1.20 configured -- resuming normal operations
[Fri Feb 07 21:39:34.088441 2020] [core:notice] [pid 1] AH00094: Command line: 'apache2 -D FOREGROUND'
[Fri Feb 07 22:04:19.792515 2020] [mpm_prefork:notice] [pid 1] AH00169: caught SIGTERM, shutting down
AH00558: apache2: Could not reliably determine the server's fully qualified domain name, using 172.20.0.3. Set the 'ServerName' directive globally to suppress this message
[Fri Feb 07 22:04:22.640779 2020] [mpm_prefork:notice] [pid 1] AH00163: Apache/2.4.25 (Debian) PHP/7.1.20 configured -- resuming normal operations
[Fri Feb 07 22:04:22.641375 2020] [core:notice] [pid 1] AH00094: Command line: 'apache2 -D FOREGROUND'
msmtp: /etc/msmtprc: Permission denied
msmtp: /etc/msmtprc: Permission denied
msmtp: /etc/msmtprc: Permission denied
AH00558: apache2: Could not reliably determine the server's fully qualified domain name, using 172.20.0.2. Set the 'ServerName' directive globally to suppress this message
[Mon Feb 10 19:05:41.162414 2020] [mpm_prefork:notice] [pid 1] AH00163: Apache/2.4.25 (Debian) PHP/7.1.20 configured -- resuming normal operations
[Mon Feb 10 19:05:41.181316 2020] [core:notice] [pid 1] AH00094: Command line: 'apache2 -D FOREGROUND'
[Mon Feb 10 19:05:48.321945 2020] [mpm_prefork:notice] [pid 1] AH00169: caught SIGTERM, shutting down
AH00558: apache2: Could not reliably determine the server's fully qualified domain name, using 172.20.0.4. Set the 'ServerName' directive globally to suppress this message
[Mon Feb 10 19:07:24.938856 2020] [mpm_prefork:notice] [pid 1] AH00163: Apache/2.4.25 (Debian) PHP/7.1.20 configured -- resuming normal operations
[Mon Feb 10 19:07:24.939330 2020] [core:notice] [pid 1] AH00094: Command line: 'apache2 -D FOREGROUND'
sh: 1: /usr/bin/msmtp: not found
sh: 1: /usr/bin/msmtp: not found
sh: 1: /usr/bin/msmtp: not found
sh: 1: /usr/bin/msmtp: not found
sh: 1: /usr/bin/msmtp: not found
sh: 1: /usr/bin/msmtp: not found
sh: 1: /usr/bin/msmtp: not found
sh: 1: /usr/bin/msmtp: not found
sh: 1: /usr/bin/msmtp: not found
sh: 1: /usr/bin/msmtp: not found
sh: 1: /usr/bin/msmtp: not found
sh: 1: /usr/bin/msmtp: not found
sh: 1: /usr/bin/msmtp: not found
sh: 1: /usr/bin/msmtp: not found
sh: 1: /usr/bin/msmtp: not found
AH00558: apache2: Could not reliably determine the server's fully qualified domain name, using 172.20.0.2. Set the 'ServerName' directive globally to suppress this message
[Mon Feb 10 23:46:18.012407 2020] [mpm_prefork:notice] [pid 1] AH00163: Apache/2.4.25 (Debian) PHP/7.1.20 configured -- resuming normal operations
[Mon Feb 10 23:46:18.026077 2020] [core:notice] [pid 1] AH00094: Command line: 'apache2 -D FOREGROUND'
AH00558: apache2: Could not reliably determine the server's fully qualified domain name, using 172.18.0.5. Set the 'ServerName' directive globally to suppress this message
[Tue Feb 11 00:25:19.722734 2020] [mpm_prefork:notice] [pid 1] AH00163: Apache/2.4.25 (Debian) PHP/7.1.20 configured -- resuming normal operations
[Tue Feb 11 00:25:19.732117 2020] [core:notice] [pid 1] AH00094: Command line: 'apache2 -D FOREGROUND'
AH00558: apache2: Could not reliably determine the server's fully qualified domain name, using 172.20.0.3. Set the 'ServerName' directive globally to suppress this message
[Tue Feb 11 03:36:10.279632 2020] [mpm_prefork:notice] [pid 1] AH00163: Apache/2.4.25 (Debian) PHP/7.1.20 configured -- resuming normal operations
[Tue Feb 11 03:36:10.314872 2020] [core:notice] [pid 1] AH00094: Command line: 'apache2 -D FOREGROUND'
sh: 1: /usr/bin/msmtp: not found
sh: 1: /usr/bin/msmtp: not found
sh: 1: /usr/bin/msmtp: not found
sh: 1: /usr/bin/msmtp: not found
sh: 1: /usr/bin/msmtp: not found
sh: 1: /usr/bin/msmtp: not found
sh: 1: /usr/bin/msmtp: not found
sh: 1: /usr/bin/msmtp: not found
sh: 1: /usr/bin/msmtp: not found
sh: 1: /usr/bin/msmtp: not found
sh: 1: /usr/bin/msmtp: not found
sh: 1: /usr/bin/msmtp: not found
sh: 1: /usr/bin/msmtp: not found
sh: 1: /usr/bin/msmtp: not found
sh: 1: /usr/bin/msmtp: not found
sh: 1: /usr/bin/msmtp: not found
sh: 1: /usr/bin/msmtp: not found
[Tue Feb 11 05:30:56.377897 2020] [mpm_prefork:notice] [pid 1] AH00169: caught SIGTERM, shutting down
AH00558: apache2: Could not reliably determine the server's fully qualified domain name, using 172.20.0.4. Set the 'ServerName' directive globally to suppress this message
[Tue Feb 11 07:10:37.345540 2020] [mpm_prefork:notice] [pid 1] AH00163: Apache/2.4.25 (Debian) PHP/7.1.20 configured -- resuming normal operations
[Tue Feb 11 07:10:37.353512 2020] [core:notice] [pid 1] AH00094: Command line: 'apache2 -D FOREGROUND'
[Tue Feb 11 07:16:42.406236 2020] [mpm_prefork:notice] [pid 1] AH00169: caught SIGTERM, shutting down
AH00558: apache2: Could not reliably determine the server's fully qualified domain name, using 172.20.0.4. Set the 'ServerName' directive globally to suppress this message
[Tue Feb 11 07:16:44.858002 2020] [mpm_prefork:notice] [pid 1] AH00163: Apache/2.4.25 (Debian) PHP/7.1.20 configured -- resuming normal operations
[Tue Feb 11 07:16:44.858747 2020] [core:notice] [pid 1] AH00094: Command line: 'apache2 -D FOREGROUND'
[Tue Feb 11 07:17:00.398510 2020] [mpm_prefork:notice] [pid 1] AH00169: caught SIGTERM, shutting down
AH00558: apache2: Could not reliably determine the server's fully qualified domain name, using 172.20.0.4. Set the 'ServerName' directive globally to suppress this message
[Tue Feb 11 07:17:02.474029 2020] [mpm_prefork:notice] [pid 1] AH00163: Apache/2.4.25 (Debian) PHP/7.1.20 configured -- resuming normal operations
[Tue Feb 11 07:17:02.474762 2020] [core:notice] [pid 1] AH00094: Command line: 'apache2 -D FOREGROUND'
sh: 1: -t: not found
sh: 1: -t: not found
sh: 1: -t: not found
sh: 1: -t: not found
sh: 1: -t: not found
sh: 1: -t: not found
[Tue Feb 11 07:40:23.611924 2020] [mpm_prefork:notice] [pid 1] AH00169: caught SIGTERM, shutting down
AH00558: apache2: Could not reliably determine the server's fully qualified domain name, using 172.20.0.5. Set the 'ServerName' directive globally to suppress this message
[Tue Feb 11 07:40:41.374351 2020] [mpm_prefork:notice] [pid 1] AH00163: Apache/2.4.25 (Debian) PHP/7.1.20 configured -- resuming normal operations
[Tue Feb 11 07:40:41.374989 2020] [core:notice] [pid 1] AH00094: Command line: 'apache2 -D FOREGROUND'
[Tue Feb 11 07:42:31.227870 2020] [mpm_prefork:notice] [pid 1] AH00169: caught SIGTERM, shutting down
AH00558: apache2: Could not reliably determine the server's fully qualified domain name, using 172.20.0.5. Set the 'ServerName' directive globally to suppress this message
[Tue Feb 11 07:50:35.260001 2020] [mpm_prefork:notice] [pid 1] AH00163: Apache/2.4.25 (Debian) PHP/7.1.20 configured -- resuming normal operations
[Tue Feb 11 07:50:35.298282 2020] [core:notice] [pid 1] AH00094: Command line: 'apache2 -D FOREGROUND'
[Tue Feb 11 08:17:04.441665 2020] [mpm_prefork:notice] [pid 1] AH00169: caught SIGTERM, shutting down
AH00558: apache2: Could not reliably determine the server's fully qualified domain name, using 172.20.0.5. Set the 'ServerName' directive globally to suppress this message
[Tue Feb 11 08:28:09.307648 2020] [mpm_prefork:notice] [pid 7] AH00163: Apache/2.4.25 (Debian) PHP/7.1.20 configured -- resuming normal operations
[Tue Feb 11 08:28:09.315619 2020] [core:notice] [pid 7] AH00094: Command line: '/usr/sbin/apache2 -D FOREGROUND'
sh: 1: -t: not found
sh: 1: -t: not found
sh: 1: -t: not found
sh: 1: -t: not found
sh: 1: -t: not found
sh: 1: -t: not found
sh: 1: -t: not found
sh: 1: -t: not found
AH00558: apache2: Could not reliably determine the server's fully qualified domain name, using 172.20.0.5. Set the 'ServerName' directive globally to suppress this message
[Tue Feb 11 08:35:16.280660 2020] [core:warn] [pid 7] AH00098: pid file /var/run/apache2/apache2.pid overwritten -- Unclean shutdown of previous Apache run?
[Tue Feb 11 08:35:16.283001 2020] [mpm_prefork:notice] [pid 7] AH00163: Apache/2.4.25 (Debian) PHP/7.1.20 configured -- resuming normal operations
[Tue Feb 11 08:35:16.283382 2020] [core:notice] [pid 7] AH00094: Command line: '/usr/sbin/apache2 -D FOREGROUND'
sh: 1: -t: not found
sh: 1: -t: not found
sh: 1: -t: not found
sh: 1: -t: not found
sh: 1: -t: not found
sh: 1: -t: not found
sh: 1: -t: not found
sh: 1: -t: not found
AH00558: apache2: Could not reliably determine the server's fully qualified domain name, using 172.20.0.5. Set the 'ServerName' directive globally to suppress this message
[Tue Feb 11 08:49:54.521424 2020] [core:warn] [pid 7] AH00098: pid file /var/run/apache2/apache2.pid overwritten -- Unclean shutdown of previous Apache run?
[Tue Feb 11 08:49:54.523739 2020] [mpm_prefork:notice] [pid 7] AH00163: Apache/2.4.25 (Debian) PHP/7.1.20 configured -- resuming normal operations
[Tue Feb 11 08:49:54.524090 2020] [core:notice] [pid 7] AH00094: Command line: '/usr/sbin/apache2 -D FOREGROUND'
sh: 1: /usr/sbin/ssmtp: not found
sh: 1: /usr/sbin/ssmtp: not found
sh: 1: /usr/sbin/ssmtp: not found
sh: 1: /usr/sbin/ssmtp: not found
sh: 1: /usr/sbin/ssmtp: not found
sh: 1: /usr/sbin/ssmtp: not found
sh: 1: /usr/sbin/ssmtp: not found
AH00558: apache2: Could not reliably determine the server's fully qualified domain name, using 172.20.0.5. Set the 'ServerName' directive globally to suppress this message
[Tue Feb 11 08:50:38.503637 2020] [core:warn] [pid 7] AH00098: pid file /var/run/apache2/apache2.pid overwritten -- Unclean shutdown of previous Apache run?
[Tue Feb 11 08:50:38.505970 2020] [mpm_prefork:notice] [pid 7] AH00163: Apache/2.4.25 (Debian) PHP/7.1.20 configured -- resuming normal operations
[Tue Feb 11 08:50:38.506402 2020] [core:notice] [pid 7] AH00094: Command line: '/usr/sbin/apache2 -D FOREGROUND'
sh: 1: /usr/sbin/ssmtp: not found
sh: 1: /usr/sbin/ssmtp: not found
sh: 1: /usr/sbin/ssmtp: not found
sh: 1: /usr/sbin/ssmtp: not found
sh: 1: /usr/sbin/ssmtp: not found
sh: 1: /usr/sbin/ssmtp: not found
AH00558: apache2: Could not reliably determine the server's fully qualified domain name, using 172.18.0.5. Set the 'ServerName' directive globally to suppress this message
[Tue Feb 11 09:17:52.482776 2020] [mpm_prefork:notice] [pid 8] AH00163: Apache/2.4.25 (Debian) PHP/7.1.20 configured -- resuming normal operations
[Tue Feb 11 09:17:52.510201 2020] [core:notice] [pid 8] AH00094: Command line: '/usr/sbin/apache2 -D FOREGROUND'
AH00558: apache2: Could not reliably determine the server's fully qualified domain name, using 172.18.0.2. Set the 'ServerName' directive globally to suppress this message
[Wed Feb 12 16:24:05.313984 2020] [mpm_prefork:notice] [pid 7] AH00163: Apache/2.4.25 (Debian) PHP/7.1.20 configured -- resuming normal operations
[Wed Feb 12 16:24:05.329352 2020] [core:notice] [pid 7] AH00094: Command line: '/usr/sbin/apache2 -D FOREGROUND'
[Wed Feb 12 16:26:37.266727 2020] [php7:error] [pid 10] [client 172.18.0.1:48568] script '/var/www/html/camagru/controller/sign-in.php' not found or unable to stat, referer: http://localhost/camagru/controller/add.php
Not a JPEG file: starts with 0x00 0x00
Not a JPEG file: starts with 0x00 0x00
Not a JPEG file: starts with 0x00 0x00
